<?xml version="1.0" encoding="utf-8"?>
<test-run id="2" name="Delegates.Reports.exe" fullname="C:/OpenServer/domains/localhost/un_n/rtippo/Delegates/Delegates.Reports/bin/Debug/Delegates.Reports.exe" testcasecount="4" result="Passed" start-time="2021-12-03 10:04:22Z" end-time="2021-12-03 10:04:22Z" duration="0.236570" total="4" passed="4" failed="0" inconclusive="0" skipped="0" asserts="4" random-seed="634819548">
  <command-line><![CDATA["C:\OpenServer\domains\localhost\un_n\rtippo\Delegates\Delegates.Reports\bin\Debug\Delegates.Reports.exe" ]]></command-line>
  <filter />
  <test-suite type="Assembly" id="1005" name="Delegates.Reports.exe" fullname="C:/OpenServer/domains/localhost/un_n/rtippo/Delegates/Delegates.Reports/bin/Debug/Delegates.Reports.exe" runstate="Runnable" testcasecount="4" result="Passed" start-time="2021-12-03 10:04:22Z" end-time="2021-12-03 10:04:22Z" duration="0.236570" total="4" passed="4" failed="0" warnings="0" inconclusive="0" skipped="0" asserts="4">
    <environment framework-version="3.6.0.0" clr-version="4.0.30319.42000" os-version="Microsoft Windows NT 6.2.9200.0" platform="Win32NT" cwd="C:\OpenServer\domains\localhost\un_n\rtippo\Delegates\Delegates.Reports\bin\Debug" machine-name="PENOPLAVAAAN" user="penop" user-domain="PENOPLAVAAAN" culture="ru-RU" uiculture="ru-RU" os-architecture="x86" />
    <settings>
      <setting name="WorkDirectory" value="C:\OpenServer\domains\localhost\un_n\rtippo\Delegates\Delegates.Reports\bin\Debug" />
      <setting name="NumberOfTestWorkers" value="12" />
    </settings>
    <properties>
      <property name="_PID" value="8468" />
      <property name="_APPDOMAIN" value="Delegates.Reports.exe" />
    </properties>
    <test-suite type="TestSuite" id="1006" name="Delegates" fullname="Delegates" runstate="Runnable" testcasecount="4" result="Passed" start-time="2021-12-03 10:04:22Z" end-time="2021-12-03 10:04:22Z" duration="0.204680" total="4" passed="4" failed="0" warnings="0" inconclusive="0" skipped="0" asserts="4">
      <test-suite type="TestSuite" id="1007" name="Reports" fullname="Delegates.Reports" runstate="Runnable" testcasecount="4" result="Passed" start-time="2021-12-03 10:04:22Z" end-time="2021-12-03 10:04:22Z" duration="0.173240" total="4" passed="4" failed="0" warnings="0" inconclusive="0" skipped="0" asserts="4">
        <test-suite type="TestFixture" id="1000" name="ReportMaker_should" fullname="Delegates.Reports.ReportMaker_should" classname="Delegates.Reports.ReportMaker_should" runstate="Runnable" testcasecount="4" result="Passed" start-time="2021-12-03 10:04:22Z" end-time="2021-12-03 10:04:22Z" duration="0.141901" total="4" passed="4" failed="0" warnings="0" inconclusive="0" skipped="0" asserts="4">
          <test-case id="1001" name="MeanAndStdHtml" fullname="Delegates.Reports.ReportMaker_should.MeanAndStdHtml" methodname="MeanAndStdHtml" classname="Delegates.Reports.ReportMaker_should" runstate="Runnable" seed="793207239" result="Passed" start-time="2021-12-03 10:04:22Z" end-time="2021-12-03 10:04:22Z" duration="0.013843" asserts="1" />
          <test-case id="1003" name="MeanAndStdMarkdown" fullname="Delegates.Reports.ReportMaker_should.MeanAndStdMarkdown" methodname="MeanAndStdMarkdown" classname="Delegates.Reports.ReportMaker_should" runstate="Runnable" seed="968950991" result="Passed" start-time="2021-12-03 10:04:22Z" end-time="2021-12-03 10:04:22Z" duration="0.001269" asserts="1">
            <properties>
              <property name="Description" value="Новый тест, который нужно сделать рабочим после рефакторинга" />
            </properties>
          </test-case>
          <test-case id="1004" name="MedianHtml" fullname="Delegates.Reports.ReportMaker_should.MedianHtml" methodname="MedianHtml" classname="Delegates.Reports.ReportMaker_should" runstate="Runnable" seed="1091865289" result="Passed" start-time="2021-12-03 10:04:22Z" end-time="2021-12-03 10:04:22Z" duration="0.003876" asserts="1">
            <properties>
              <property name="Description" value="Новый тест, который нужно сделать рабочим после рефакторинга" />
            </properties>
          </test-case>
          <test-case id="1002" name="MedianMarkdown" fullname="Delegates.Reports.ReportMaker_should.MedianMarkdown" methodname="MedianMarkdown" classname="Delegates.Reports.ReportMaker_should" runstate="Runnable" seed="836701392" result="Passed" start-time="2021-12-03 10:04:22Z" end-time="2021-12-03 10:04:22Z" duration="0.000627" asserts="1" />
        </test-suite>
      </test-suite>
    </test-suite>
  </test-suite>
</test-run>