<?xml version="1.0" encoding="utf-8"?>
<test-run id="2" name="Generics.Table.exe" fullname="C:/un_n/rtippo/Generics/Generics.Tables/bin/Debug/Generics.Table.exe" testcasecount="14" result="Passed" start-time="2021-12-01 06:48:23Z" end-time="2021-12-01 06:48:34Z" duration="11.120892" total="14" passed="14" failed="0" inconclusive="0" skipped="0" asserts="24" random-seed="506708853">
  <command-line><![CDATA["C:\un_n\rtippo\Generics\Generics.Tables\bin\Debug\Generics.Table.exe" ]]></command-line>
  <filter />
  <test-suite type="Assembly" id="1017" name="Generics.Table.exe" fullname="C:/un_n/rtippo/Generics/Generics.Tables/bin/Debug/Generics.Table.exe" runstate="Runnable" testcasecount="14" result="Passed" start-time="2021-12-01 06:48:23Z" end-time="2021-12-01 06:48:34Z" duration="11.120892" total="14" passed="14" failed="0" warnings="0" inconclusive="0" skipped="0" asserts="24">
    <environment framework-version="3.6.0.0" clr-version="4.0.30319.42000" os-version="Microsoft Windows NT 6.2.9200.0" platform="Win32NT" cwd="C:\un_n\rtippo\Generics\Generics.Tables\bin\Debug" machine-name="PENOPLAVAAAN" user="penop" user-domain="PENOPLAVAAAN" culture="ru-RU" uiculture="ru-RU" os-architecture="x86" />
    <settings>
      <setting name="WorkDirectory" value="C:\un_n\rtippo\Generics\Generics.Tables\bin\Debug" />
      <setting name="NumberOfTestWorkers" value="12" />
    </settings>
    <properties>
      <property name="_PID" value="14088" />
      <property name="_APPDOMAIN" value="Generics.Table.exe" />
    </properties>
    <test-suite type="TestSuite" id="1018" name="Generics" fullname="Generics" runstate="Runnable" testcasecount="14" result="Passed" start-time="2021-12-01 06:48:23Z" end-time="2021-12-01 06:48:34Z" duration="11.089912" total="14" passed="14" failed="0" warnings="0" inconclusive="0" skipped="0" asserts="24">
      <test-suite type="TestSuite" id="1019" name="Tables" fullname="Generics.Tables" runstate="Runnable" testcasecount="14" result="Passed" start-time="2021-12-01 06:48:23Z" end-time="2021-12-01 06:48:34Z" duration="11.058440" total="14" passed="14" failed="0" warnings="0" inconclusive="0" skipped="0" asserts="24">
        <test-suite type="TestFixture" id="1013" name="TableBothIndices_should" fullname="Generics.Tables.TableBothIndices_should" classname="Generics.Tables.TableBothIndices_should" runstate="Runnable" testcasecount="3" result="Passed" start-time="2021-12-01 06:48:23Z" end-time="2021-12-01 06:48:30Z" duration="6.904832" total="3" passed="3" failed="0" warnings="0" inconclusive="0" skipped="0" asserts="3">
          <test-case id="1014" name="WorkTogether1" fullname="Generics.Tables.TableBothIndices_should.WorkTogether1" methodname="WorkTogether1" classname="Generics.Tables.TableBothIndices_should" runstate="Runnable" seed="601774960" result="Passed" start-time="2021-12-01 06:48:23Z" end-time="2021-12-01 06:48:23Z" duration="0.013272" asserts="1" />
          <test-case id="1015" name="WorkTogether2" fullname="Generics.Tables.TableBothIndices_should.WorkTogether2" methodname="WorkTogether2" classname="Generics.Tables.TableBothIndices_should" runstate="Runnable" seed="837749084" result="Passed" start-time="2021-12-01 06:48:23Z" end-time="2021-12-01 06:48:23Z" duration="0.001413" asserts="1" />
          <test-case id="1016" name="WorkTogether3" fullname="Generics.Tables.TableBothIndices_should.WorkTogether3" methodname="WorkTogether3" classname="Generics.Tables.TableBothIndices_should" runstate="Runnable" seed="1261829854" result="Passed" start-time="2021-12-01 06:48:23Z" end-time="2021-12-01 06:48:30Z" duration="6.812157" asserts="1" />
        </test-suite>
        <test-suite type="TestFixture" id="1006" name="TableExistedIndex_should" fullname="Generics.Tables.TableExistedIndex_should" classname="Generics.Tables.TableExistedIndex_should" runstate="Runnable" testcasecount="6" result="Passed" start-time="2021-12-01 06:48:30Z" end-time="2021-12-01 06:48:34Z" duration="3.901543" total="6" passed="6" failed="0" warnings="0" inconclusive="0" skipped="0" asserts="6">
          <test-case id="1008" name="FailIfGettingFromNonExistingColumn" fullname="Generics.Tables.TableExistedIndex_should.FailIfGettingFromNonExistingColumn" methodname="FailIfGettingFromNonExistingColumn" classname="Generics.Tables.TableExistedIndex_should" runstate="Runnable" seed="531282210" result="Passed" start-time="2021-12-01 06:48:30Z" end-time="2021-12-01 06:48:31Z" duration="0.838641" asserts="1" />
          <test-case id="1007" name="FailIfGettingFromNonExistingRow" fullname="Generics.Tables.TableExistedIndex_should.FailIfGettingFromNonExistingRow" methodname="FailIfGettingFromNonExistingRow" classname="Generics.Tables.TableExistedIndex_should" runstate="Runnable" seed="1868465094" result="Passed" start-time="2021-12-01 06:48:31Z" end-time="2021-12-01 06:48:32Z" duration="0.744684" asserts="1" />
          <test-case id="1010" name="FailIfSettingToNonExistingColumn" fullname="Generics.Tables.TableExistedIndex_should.FailIfSettingToNonExistingColumn" methodname="FailIfSettingToNonExistingColumn" classname="Generics.Tables.TableExistedIndex_should" runstate="Runnable" seed="1009120606" result="Passed" start-time="2021-12-01 06:48:32Z" end-time="2021-12-01 06:48:32Z" duration="0.365846" asserts="1" />
          <test-case id="1009" name="FailIfSettingToNonExistingRow" fullname="Generics.Tables.TableExistedIndex_should.FailIfSettingToNonExistingRow" methodname="FailIfSettingToNonExistingRow" classname="Generics.Tables.TableExistedIndex_should" runstate="Runnable" seed="207903719" result="Passed" start-time="2021-12-01 06:48:32Z" end-time="2021-12-01 06:48:34Z" duration="1.791765" asserts="1" />
          <test-case id="1012" name="GetDefaultIfNoValueSet" fullname="Generics.Tables.TableExistedIndex_should.GetDefaultIfNoValueSet" methodname="GetDefaultIfNoValueSet" classname="Generics.Tables.TableExistedIndex_should" runstate="Runnable" seed="1873057240" result="Passed" start-time="2021-12-01 06:48:34Z" end-time="2021-12-01 06:48:34Z" duration="0.000737" asserts="1" />
          <test-case id="1011" name="SetToExistedRowAndColumn" fullname="Generics.Tables.TableExistedIndex_should.SetToExistedRowAndColumn" methodname="SetToExistedRowAndColumn" classname="Generics.Tables.TableExistedIndex_should" runstate="Runnable" seed="1534389006" result="Passed" start-time="2021-12-01 06:48:34Z" end-time="2021-12-01 06:48:34Z" duration="0.000375" asserts="1" />
        </test-suite>
        <test-suite type="TestFixture" id="1000" name="TableOpenIndex_should" fullname="Generics.Tables.TableOpenIndex_should" classname="Generics.Tables.TableOpenIndex_should" runstate="Runnable" testcasecount="5" result="Passed" start-time="2021-12-01 06:48:34Z" end-time="2021-12-01 06:48:34Z" duration="0.158010" total="5" passed="5" failed="0" warnings="0" inconclusive="0" skipped="0" asserts="15">
          <test-case id="1001" name="AddColumnsAndRows" fullname="Generics.Tables.TableOpenIndex_should.AddColumnsAndRows" methodname="AddColumnsAndRows" classname="Generics.Tables.TableOpenIndex_should" runstate="Runnable" seed="453308466" result="Passed" start-time="2021-12-01 06:48:34Z" end-time="2021-12-01 06:48:34Z" duration="0.002633" asserts="3" />
          <test-case id="1002" name="DontAddExistedColumnsAndRows1" fullname="Generics.Tables.TableOpenIndex_should.DontAddExistedColumnsAndRows1" methodname="DontAddExistedColumnsAndRows1" classname="Generics.Tables.TableOpenIndex_should" runstate="Runnable" seed="1337643118" result="Passed" start-time="2021-12-01 06:48:34Z" end-time="2021-12-01 06:48:34Z" duration="0.003373" asserts="3" />
          <test-case id="1003" name="DontAddExistedColumnsAndRows2" fullname="Generics.Tables.TableOpenIndex_should.DontAddExistedColumnsAndRows2" methodname="DontAddExistedColumnsAndRows2" classname="Generics.Tables.TableOpenIndex_should" runstate="Runnable" seed="508756546" result="Passed" start-time="2021-12-01 06:48:34Z" end-time="2021-12-01 06:48:34Z" duration="0.000612" asserts="3" />
          <test-case id="1004" name="ReturnDefaultIfNoValueSet1" fullname="Generics.Tables.TableOpenIndex_should.ReturnDefaultIfNoValueSet1" methodname="ReturnDefaultIfNoValueSet1" classname="Generics.Tables.TableOpenIndex_should" runstate="Runnable" seed="1913199236" result="Passed" start-time="2021-12-01 06:48:34Z" end-time="2021-12-01 06:48:34Z" duration="0.000439" asserts="3" />
          <test-case id="1005" name="ReturnDefaultIfNoValueSet2" fullname="Generics.Tables.TableOpenIndex_should.ReturnDefaultIfNoValueSet2" methodname="ReturnDefaultIfNoValueSet2" classname="Generics.Tables.TableOpenIndex_should" runstate="Runnable" seed="2061848122" result="Passed" start-time="2021-12-01 06:48:34Z" end-time="2021-12-01 06:48:34Z" duration="0.001021" asserts="3" />
        </test-suite>
      </test-suite>
    </test-suite>
  </test-suite>
</test-run>