<?xml version="1.0" encoding="utf-8"?>
<test-run id="2" name="Inheritance.MapObjects.exe" fullname="C:/un_n/rtippo/Inheritance/Inheritance.MapObjects/bin/Debug/Inheritance.MapObjects.exe" testcasecount="6" result="Passed" start-time="2021-11-07 02:14:24Z" end-time="2021-11-07 02:14:24Z" duration="0.280281" total="6" passed="6" failed="0" inconclusive="0" skipped="0" asserts="15" random-seed="872121317">
  <command-line><![CDATA["C:\un_n\rtippo\Inheritance\Inheritance.MapObjects\bin\Debug\Inheritance.MapObjects.exe" ]]></command-line>
  <filter />
  <test-suite type="Assembly" id="1007" name="Inheritance.MapObjects.exe" fullname="C:/un_n/rtippo/Inheritance/Inheritance.MapObjects/bin/Debug/Inheritance.MapObjects.exe" runstate="Runnable" testcasecount="6" result="Passed" start-time="2021-11-07 02:14:24Z" end-time="2021-11-07 02:14:24Z" duration="0.280281" total="6" passed="6" failed="0" warnings="0" inconclusive="0" skipped="0" asserts="15">
    <environment framework-version="3.6.0.0" clr-version="4.0.30319.42000" os-version="Microsoft Windows NT 6.2.9200.0" platform="Win32NT" cwd="C:\un_n\rtippo\Inheritance\Inheritance.MapObjects\bin\Debug" machine-name="PENOPLAVAAAN" user="penop" user-domain="PENOPLAVAAAN" culture="ru-RU" uiculture="ru-RU" os-architecture="x86" />
    <settings>
      <setting name="WorkDirectory" value="C:\un_n\rtippo\Inheritance\Inheritance.MapObjects\bin\Debug" />
      <setting name="NumberOfTestWorkers" value="12" />
    </settings>
    <properties>
      <property name="_PID" value="12088" />
      <property name="_APPDOMAIN" value="Inheritance.MapObjects.exe" />
    </properties>
    <test-suite type="TestSuite" id="1008" name="Inheritance" fullname="Inheritance" runstate="Runnable" testcasecount="6" result="Passed" start-time="2021-11-07 02:14:24Z" end-time="2021-11-07 02:14:24Z" duration="0.249364" total="6" passed="6" failed="0" warnings="0" inconclusive="0" skipped="0" asserts="15">
      <test-suite type="TestSuite" id="1009" name="MapObjects" fullname="Inheritance.MapObjects" runstate="Runnable" testcasecount="6" result="Passed" start-time="2021-11-07 02:14:24Z" end-time="2021-11-07 02:14:24Z" duration="0.218036" total="6" passed="6" failed="0" warnings="0" inconclusive="0" skipped="0" asserts="15">
        <test-suite type="TestFixture" id="1000" name="Player_should" fullname="Inheritance.MapObjects.Player_should" classname="Inheritance.MapObjects.Player_should" runstate="Runnable" testcasecount="6" result="Passed" start-time="2021-11-07 02:14:24Z" end-time="2021-11-07 02:14:24Z" duration="0.188239" total="6" passed="6" failed="0" warnings="0" inconclusive="0" skipped="0" asserts="15">
          <test-case id="1002" name="BeatWeakCreepsAndCollectTreasure" fullname="Inheritance.MapObjects.Player_should.BeatWeakCreepsAndCollectTreasure" methodname="BeatWeakCreepsAndCollectTreasure" classname="Inheritance.MapObjects.Player_should" runstate="Runnable" seed="731449123" result="Passed" start-time="2021-11-07 02:14:24Z" end-time="2021-11-07 02:14:24Z" duration="0.010678" asserts="2" />
          <test-case id="1005" name="BeatWeakGuardAndOwnDwelling" fullname="Inheritance.MapObjects.Player_should.BeatWeakGuardAndOwnDwelling" methodname="BeatWeakGuardAndOwnDwelling" classname="Inheritance.MapObjects.Player_should" runstate="Runnable" seed="722506414" result="Passed" start-time="2021-11-07 02:14:24Z" end-time="2021-11-07 02:14:24Z" duration="0.000919" asserts="3" />
          <test-case id="1003" name="LoseToPowerfulCreeps" fullname="Inheritance.MapObjects.Player_should.LoseToPowerfulCreeps" methodname="LoseToPowerfulCreeps" classname="Inheritance.MapObjects.Player_should" runstate="Runnable" seed="284669128" result="Passed" start-time="2021-11-07 02:14:24Z" end-time="2021-11-07 02:14:24Z" duration="0.000304" asserts="2" />
          <test-case id="1006" name="LoseToPowerfulGuard" fullname="Inheritance.MapObjects.Player_should.LoseToPowerfulGuard" methodname="LoseToPowerfulGuard" classname="Inheritance.MapObjects.Player_should" runstate="Runnable" seed="784556162" result="Passed" start-time="2021-11-07 02:14:24Z" end-time="2021-11-07 02:14:24Z" duration="0.000244" asserts="3" />
          <test-case id="1004" name="OwnDwelling" fullname="Inheritance.MapObjects.Player_should.OwnDwelling" methodname="OwnDwelling" classname="Inheritance.MapObjects.Player_should" runstate="Runnable" seed="2115480372" result="Passed" start-time="2021-11-07 02:14:24Z" end-time="2021-11-07 02:14:24Z" duration="0.000403" asserts="3" />
          <test-case id="1001" name="TakeResources" fullname="Inheritance.MapObjects.Player_should.TakeResources" methodname="TakeResources" classname="Inheritance.MapObjects.Player_should" runstate="Runnable" seed="222414886" result="Passed" start-time="2021-11-07 02:14:24Z" end-time="2021-11-07 02:14:24Z" duration="0.000394" asserts="2" />
        </test-suite>
      </test-suite>
    </test-suite>
  </test-suite>
</test-run>