<?xml version="1.0" encoding="utf-8"?>
<test-run id="2" name="Inheritance.DataStructure.exe" fullname="C:/un_n/rtippo/Inheritance/Inheritance.DataStructure/bin/Debug/Inheritance.DataStructure.exe" testcasecount="6" result="Passed" start-time="2021-11-06 03:28:51Z" end-time="2021-11-06 03:28:51Z" duration="0.280648" total="6" passed="6" failed="0" inconclusive="0" skipped="0" asserts="145" random-seed="1393734774">
  <command-line><![CDATA["C:\un_n\rtippo\Inheritance\Inheritance.DataStructure\bin\Debug\Inheritance.DataStructure.exe" ]]></command-line>
  <filter />
  <test-suite type="Assembly" id="1007" name="Inheritance.DataStructure.exe" fullname="C:/un_n/rtippo/Inheritance/Inheritance.DataStructure/bin/Debug/Inheritance.DataStructure.exe" runstate="Runnable" testcasecount="6" result="Passed" start-time="2021-11-06 03:28:51Z" end-time="2021-11-06 03:28:51Z" duration="0.280648" total="6" passed="6" failed="0" warnings="0" inconclusive="0" skipped="0" asserts="145">
    <environment framework-version="3.6.0.0" clr-version="4.0.30319.42000" os-version="Microsoft Windows NT 6.2.9200.0" platform="Win32NT" cwd="C:\un_n\rtippo\Inheritance\Inheritance.DataStructure\bin\Debug" machine-name="PENOPLAVAAAN" user="penop" user-domain="PENOPLAVAAAN" culture="ru-RU" uiculture="ru-RU" os-architecture="x86" />
    <settings>
      <setting name="WorkDirectory" value="C:\un_n\rtippo\Inheritance\Inheritance.DataStructure\bin\Debug" />
      <setting name="NumberOfTestWorkers" value="12" />
    </settings>
    <properties>
      <property name="_PID" value="29164" />
      <property name="_APPDOMAIN" value="Inheritance.DataStructure.exe" />
    </properties>
    <test-suite type="TestSuite" id="1008" name="Inheritance" fullname="Inheritance" runstate="Runnable" testcasecount="6" result="Passed" start-time="2021-11-06 03:28:51Z" end-time="2021-11-06 03:28:51Z" duration="0.249379" total="6" passed="6" failed="0" warnings="0" inconclusive="0" skipped="0" asserts="145">
      <test-suite type="TestSuite" id="1009" name="DataStructure" fullname="Inheritance.DataStructure" runstate="Runnable" testcasecount="6" result="Passed" start-time="2021-11-06 03:28:51Z" end-time="2021-11-06 03:28:51Z" duration="0.219093" total="6" passed="6" failed="0" warnings="0" inconclusive="0" skipped="0" asserts="145">
        <test-suite type="TestFixture" id="1000" name="Category_should" fullname="Inheritance.DataStructure.Category_should" classname="Inheritance.DataStructure.Category_should" runstate="Runnable" testcasecount="6" result="Passed" start-time="2021-11-06 03:28:51Z" end-time="2021-11-06 03:28:51Z" duration="0.189059" total="6" passed="6" failed="0" warnings="0" inconclusive="0" skipped="0" asserts="145">
          <test-case id="1003" name="ImplementCompareToCorrectly" fullname="Inheritance.DataStructure.Category_should.ImplementCompareToCorrectly" methodname="ImplementCompareToCorrectly" classname="Inheritance.DataStructure.Category_should" runstate="Runnable" seed="985338047" result="Passed" start-time="2021-11-06 03:28:51Z" end-time="2021-11-06 03:28:51Z" duration="0.009252" asserts="17" />
          <test-case id="1001" name="ImplementEqualsCorrectly" fullname="Inheritance.DataStructure.Category_should.ImplementEqualsCorrectly" methodname="ImplementEqualsCorrectly" classname="Inheritance.DataStructure.Category_should" runstate="Runnable" seed="1971850164" result="Passed" start-time="2021-11-06 03:28:51Z" end-time="2021-11-06 03:28:51Z" duration="0.002143" asserts="17" />
          <test-case id="1002" name="ImplementGetHashCodeCorrectly" fullname="Inheritance.DataStructure.Category_should.ImplementGetHashCodeCorrectly" methodname="ImplementGetHashCodeCorrectly" classname="Inheritance.DataStructure.Category_should" runstate="Runnable" seed="1415942928" result="Passed" start-time="2021-11-06 03:28:51Z" end-time="2021-11-06 03:28:51Z" duration="0.003028" asserts="13" />
          <test-case id="1005" name="ImplementIComparableInterface" fullname="Inheritance.DataStructure.Category_should.ImplementIComparableInterface" methodname="ImplementIComparableInterface" classname="Inheritance.DataStructure.Category_should" runstate="Runnable" seed="1994939378" result="Passed" start-time="2021-11-06 03:28:51Z" end-time="2021-11-06 03:28:51Z" duration="0.000146" asserts="1" />
          <test-case id="1004" name="ImplementOperatorsCorrectly" fullname="Inheritance.DataStructure.Category_should.ImplementOperatorsCorrectly" methodname="ImplementOperatorsCorrectly" classname="Inheritance.DataStructure.Category_should" runstate="Runnable" seed="1550070551" result="Passed" start-time="2021-11-06 03:28:51Z" end-time="2021-11-06 03:28:51Z" duration="0.001192" asserts="96" />
          <test-case id="1006" name="ImplementToStringCorrectly" fullname="Inheritance.DataStructure.Category_should.ImplementToStringCorrectly" methodname="ImplementToStringCorrectly" classname="Inheritance.DataStructure.Category_should" runstate="Runnable" seed="1095587705" result="Passed" start-time="2021-11-06 03:28:51Z" end-time="2021-11-06 03:28:51Z" duration="0.000580" asserts="1" />
        </test-suite>
      </test-suite>
    </test-suite>
  </test-suite>
</test-run>