<?xml version="1.0" encoding="utf-8"?>
<test-run id="2" name="Incapsulation.Failures.exe" fullname="C:/un_n/rtippo/incaps_fails/bin/Debug/Incapsulation.Failures.exe" testcasecount="3" result="Passed" start-time="2021-10-22 07:02:55Z" end-time="2021-10-22 07:03:00Z" duration="4.559647" total="3" passed="3" failed="0" inconclusive="0" skipped="0" asserts="3" random-seed="540432360">
  <command-line><![CDATA["C:\un_n\rtippo\incaps_fails\bin\Debug\Incapsulation.Failures.exe" ]]></command-line>
  <filter />
  <test-suite type="Assembly" id="1004" name="Incapsulation.Failures.exe" fullname="C:/un_n/rtippo/incaps_fails/bin/Debug/Incapsulation.Failures.exe" runstate="Runnable" testcasecount="3" result="Passed" start-time="2021-10-22 07:02:55Z" end-time="2021-10-22 07:03:00Z" duration="4.559647" total="3" passed="3" failed="0" warnings="0" inconclusive="0" skipped="0" asserts="3">
    <environment framework-version="3.6.0.0" clr-version="4.0.30319.42000" os-version="Microsoft Windows NT 6.2.9200.0" platform="Win32NT" cwd="C:\un_n\rtippo\incaps_fails\bin\Debug" machine-name="PENOPLAVAAAN" user="penop" user-domain="PENOPLAVAAAN" culture="ru-RU" uiculture="ru-RU" os-architecture="x86" />
    <settings>
      <setting name="WorkDirectory" value="C:\un_n\rtippo\incaps_fails\bin\Debug" />
      <setting name="NumberOfTestWorkers" value="12" />
    </settings>
    <properties>
      <property name="_PID" value="18520" />
      <property name="_APPDOMAIN" value="Incapsulation.Failures.exe" />
    </properties>
    <test-suite type="TestSuite" id="1005" name="Incapsulation" fullname="Incapsulation" runstate="Runnable" testcasecount="3" result="Passed" start-time="2021-10-22 07:02:55Z" end-time="2021-10-22 07:03:00Z" duration="4.529268" total="3" passed="3" failed="0" warnings="0" inconclusive="0" skipped="0" asserts="3">
      <test-suite type="TestSuite" id="1006" name="Failures" fullname="Incapsulation.Failures" runstate="Runnable" testcasecount="3" result="Passed" start-time="2021-10-22 07:02:55Z" end-time="2021-10-22 07:03:00Z" duration="4.499519" total="3" passed="3" failed="0" warnings="0" inconclusive="0" skipped="0" asserts="3">
        <test-suite type="TestFixture" id="1000" name="ReportMaker_Tests" fullname="Incapsulation.Failures.ReportMaker_Tests" classname="Incapsulation.Failures.ReportMaker_Tests" runstate="Runnable" testcasecount="3" result="Passed" start-time="2021-10-22 07:02:55Z" end-time="2021-10-22 07:03:00Z" duration="4.469261" total="3" passed="3" failed="0" warnings="0" inconclusive="0" skipped="0" asserts="3">
          <test-case id="1003" name="FilterManyDevices" fullname="Incapsulation.Failures.ReportMaker_Tests.FilterManyDevices" methodname="FilterManyDevices" classname="Incapsulation.Failures.ReportMaker_Tests" runstate="Runnable" seed="263273812" result="Passed" start-time="2021-10-22 07:02:55Z" end-time="2021-10-22 07:02:56Z" duration="0.473812" asserts="1">
            <output><![CDATA[Calling FindDevicesFailedBeforeDate()
Place 1
Place 2
Place 3
Place 4
failure.Length = 4
Place 5
Device A
Device C

1FilterManyDevices
]]></output>
          </test-case>
          <test-case id="1002" name="FilterSingleDevice" fullname="Incapsulation.Failures.ReportMaker_Tests.FilterSingleDevice" methodname="FilterSingleDevice" classname="Incapsulation.Failures.ReportMaker_Tests" runstate="Runnable" seed="1050910792" result="Passed" start-time="2021-10-22 07:02:56Z" end-time="2021-10-22 07:02:59Z" duration="3.027296" asserts="1">
            <output><![CDATA[Calling FindDevicesFailedBeforeDate()
Place 1
Place 2
Place 3
Place 4
failure.Length = 4
Place 5
0

2FilterSingleDevice
]]></output>
          </test-case>
          <test-case id="1001" name="NoDevices" fullname="Incapsulation.Failures.ReportMaker_Tests.NoDevices" methodname="NoDevices" classname="Incapsulation.Failures.ReportMaker_Tests" runstate="Runnable" seed="1760514216" result="Passed" start-time="2021-10-22 07:02:59Z" end-time="2021-10-22 07:03:00Z" duration="0.902188" asserts="1">
            <output><![CDATA[Calling FindDevicesFailedBeforeDate()
Place 1
Place 2
Place 3
Place 4
Place 5

3NoDevices
]]></output>
          </test-case>
        </test-suite>
      </test-suite>
    </test-suite>
  </test-suite>
</test-run>